<?xml version="1.0" encoding="UTF-8"?>
<!-- Generated by org.testng.reporters.JUnitReportReporter -->
<testsuite hostname="Baby" failures="0" tests="1" name="test.java.com.answerconnect.deployment.testcases.CallsTab" time="16.185" errors="0" timestamp="2022-12-14T16:52:19 IST" skipped="0">
  <testcase classname="test.java.com.answerconnect.deployment.testcases.CallsTab" name="calls_Page" time="16.185"/>
  <system-out/>
</testsuite> <!-- test.java.com.answerconnect.deployment.testcases.CallsTab -->
