<?xml version="1.0" encoding="UTF-8"?>
<!-- Generated by org.testng.reporters.JUnitReportReporter -->
<testsuite hostname="Baby" failures="0" tests="1" name="test.java.com.answerconnect.deployment.testcases.Sign_In_Anct" time="27.328" errors="0" timestamp="2022-12-14T16:52:19 IST" skipped="0">
  <testcase classname="test.java.com.answerconnect.deployment.testcases.Sign_In_Anct" name="sign_In_Page" time="27.328"/>
  <system-out/>
</testsuite> <!-- test.java.com.answerconnect.deployment.testcases.Sign_In_Anct -->
