<?xml version="1.0" encoding="UTF-8"?>
<!-- Generated by org.testng.reporters.JUnitReportReporter -->
<testsuite skipped="0" hostname="FULL784-PRO.local" name="com.answerconnect.deployment.testcases.StatusBar" tests="1" failures="0" timestamp="2022-01-15T11:54:36 IST" time="0.695" errors="0">
  <testcase name="statusBar" time="0.695" classname="com.answerconnect.deployment.testcases.StatusBar"/>
  <system-out/>
</testsuite> <!-- com.answerconnect.deployment.testcases.StatusBar -->
