<?xml version="1.0" encoding="UTF-8"?>
<!-- Generated by org.testng.reporters.JUnitReportReporter -->
<testsuite hostname="Baby" failures="0" tests="1" name="test.java.com.answerconnect.deployment.testcases.MoreTab" time="133.186" errors="0" timestamp="2022-12-09T17:12:04 IST" skipped="0">
  <testcase classname="test.java.com.answerconnect.deployment.testcases.MoreTab" name="more_Page" time="133.186"/>
  <system-out/>
</testsuite> <!-- test.java.com.answerconnect.deployment.testcases.MoreTab -->
